<?xml version="1.0" encoding="UTF-8"?>
<!-- Generated by org.testng.reporters.JUnitReportReporter -->
<testsuite skipped="0" hostname="DESKTOP-MC7TJSA" name="com.pushpaTheRise.Pushpa.IMDB" tests="1" failures="0" timestamp="2022-12-10T12:23:58 IST" time="13.301" errors="0">
  <testcase name="extractData" time="13.301" classname="com.pushpaTheRise.Pushpa.IMDB"/>
  <system-out/>
</testsuite> <!-- com.pushpaTheRise.Pushpa.IMDB -->
