<?xml version="1.0" encoding="UTF-8"?>
<!-- Generated by org.testng.reporters.JUnitReportReporter -->
<testsuite skipped="0" hostname="DESKTOP-MC7TJSA" name="com.pushpaTheRise.Pushpa.IMPDB" tests="1" failures="0" timestamp="2022-12-10T09:09:33 IST" time="0.911" errors="0">
  <testcase name="extractData" time="0.911" classname="com.pushpaTheRise.Pushpa.IMPDB"/>
  <system-out/>
</testsuite> <!-- com.pushpaTheRise.Pushpa.IMPDB -->
