<?xml version="1.0" encoding="UTF-8"?>
<!-- Generated by org.testng.reporters.JUnitReportReporter -->
<testsuite skipped="0" hostname="DESKTOP-MC7TJSA" name="com.pushpaTheRise.Pushpa.wikipedia" tests="1" failures="0" timestamp="2022-12-10T12:23:58 IST" time="12.336" errors="0">
  <testcase name="ExtractData" time="12.336" classname="com.pushpaTheRise.Pushpa.wikipedia"/>
  <system-out/>
</testsuite> <!-- com.pushpaTheRise.Pushpa.wikipedia -->
